2023-11-02T18:29:28: 
2023-11-02T18:29:28: > inventory-frontend@0.1.0 start
2023-11-02T18:29:28: > react-scripts start
2023-11-02T18:29:28: 
2023-11-02T18:29:30: (node:55718) [DEP_WEBPACK_DEV_SERVER_ON_AFTER_SETUP_MIDDLEWARE] DeprecationWarning: 'onAfterSetupMiddleware' option is deprecated. Please use the 'setupMiddlewares' option.
2023-11-02T18:29:30: (Use `node --trace-deprecation ...` to show where the warning was created)
2023-11-02T18:29:30: (node:55718) [DEP_WEBPACK_DEV_SERVER_ON_BEFORE_SETUP_MIDDLEWARE] DeprecationWarning: 'onBeforeSetupMiddleware' option is deprecated. Please use the 'setupMiddlewares' option.
2023-11-02T18:29:31: Starting the development server...
2023-11-02T18:29:31: 
2023-11-02T18:29:42: Compiled successfully!
2023-11-02T18:29:42: 
2023-11-02T18:29:42: You can now view inventory-frontend in the browser.
2023-11-02T18:29:42: 
2023-11-02T18:29:42:   Local:            http://localhost:4001
2023-11-02T18:29:42:   On Your Network:  http://192.168.0.32:4001
2023-11-02T18:29:42: 
2023-11-02T18:29:42: Note that the development build is not optimized.
2023-11-02T18:29:42: To create a production build, use npm run build.
2023-11-02T18:29:42: 
2023-11-02T18:29:42: webpack compiled successfully
2023-11-02T18:29:42: No issues found.
